This is pdfTeX, Version 3.14159265-2.6-1.40.21 (TeX Live 2020/Debian) (preloaded format=pdflatex 2021.12.15)  25 FEB 2022 11:46
entering extended mode
 restricted \write18 enabled.
 %&-line parsing enabled.
**/home/thyriaen/Workspace/LaTex/thyVitae/inspirations/infocv/g/chart.tex
(/home/thyriaen/Workspace/LaTex/thyVitae/inspirations/infocv/g/chart.tex
LaTeX2e <2020-10-01> patch level 4
L3 programming layer <2021-01-09> xparse <2020-03-03>
\c@a=\count177
\c@b=\count178
\c@c=\count179
)
! Emergency stop.
<*> ...ex/thyVitae/inspirations/infocv/g/chart.tex
                                                  
*** (job aborted, no legal \end found)

 
Here is how much of TeX's memory you used:
 43 strings out of 481126
 848 string characters out of 5911896
 266649 words of memory out of 5000000
 17103 multiletter control sequences out of 15000+600000
 403430 words of font info for 27 fonts, out of 8000000 for 9000
 59 hyphenation exceptions out of 8191
 13i,0n,15p,248b,10s stack positions out of 5000i,500n,10000p,200000b,80000s
!  ==> Fatal error occurred, no output PDF file produced!
